<?xml version="1.0" encoding="UTF-8" standalone="yes"?><!DOCTYPE report PUBLIC "-//JACOCO//DTD Report 1.0//EN" "report.dtd">
<report name="SalesManager">
   <package name="net/codejava">
      <class name="net/codejava/SalesManager">
         <method name="&lt;init&gt;" desc="()V" line="15">
            <counter type="INSTRUCTION" missed="0" covered="3"/>
            <counter type="LINE" missed="0" covered="1"/>
            <counter type="COMPLEXITY" missed="0" covered="1"/>
            <counter type="METHOD" missed="0" covered="1"/>
         </method>
         <method name="main" desc="([Ljava/lang/String;)V" line="18">
            <counter type="INSTRUCTION" missed="0" covered="5"/>
            <counter type="LINE" missed="0" covered="2"/>
            <counter type="COMPLEXITY" missed="0" covered="1"/>
            <counter type="METHOD" missed="0" covered="1"/>
         </method>
         <method name="swaggerConfiguration" desc="()Lspringfox/documentation/spring/web/plugins/Docket;" line="24">
            <counter type="INSTRUCTION" missed="0" covered="13"/>
            <counter type="LINE" missed="0" covered="5"/>
            <counter type="COMPLEXITY" missed="0" covered="1"/>
            <counter type="METHOD" missed="0" covered="1"/>
         </method>
         <counter type="INSTRUCTION" missed="0" covered="21"/>
         <counter type="LINE" missed="0" covered="8"/>
         <counter type="COMPLEXITY" missed="0" covered="3"/>
         <counter type="METHOD" missed="0" covered="3"/>
         <counter type="CLASS" missed="0" covered="1"/>
      </class>
      <class name="net/codejava/SalesDAO">
         <method name="&lt;init&gt;" desc="(Lorg/springframework/jdbc/core/JdbcTemplate;)V" line="20">
            <counter type="INSTRUCTION" missed="0" covered="6"/>
            <counter type="LINE" missed="0" covered="3"/>
            <counter type="COMPLEXITY" missed="0" covered="1"/>
            <counter type="METHOD" missed="0" covered="1"/>
         </method>
         <method name="list" desc="()Ljava/util/List;" line="26">
            <counter type="INSTRUCTION" missed="0" covered="11"/>
            <counter type="LINE" missed="0" covered="4"/>
            <counter type="COMPLEXITY" missed="0" covered="1"/>
            <counter type="METHOD" missed="0" covered="1"/>
         </method>
         <method name="search" desc="(Ljava/lang/String;)Ljava/util/List;" line="35">
            <counter type="INSTRUCTION" missed="0" covered="25"/>
            <counter type="LINE" missed="0" covered="6"/>
            <counter type="COMPLEXITY" missed="0" covered="1"/>
            <counter type="METHOD" missed="0" covered="1"/>
         </method>
         <method name="save" desc="(Lnet/codejava/Sale;)V" line="44">
            <counter type="INSTRUCTION" missed="0" covered="35"/>
            <counter type="LINE" missed="0" covered="4"/>
            <counter type="COMPLEXITY" missed="0" covered="1"/>
            <counter type="METHOD" missed="0" covered="1"/>
         </method>
         <method name="get" desc="(I)Lnet/codejava/Sale;" line="52">
            <counter type="INSTRUCTION" missed="0" covered="27"/>
            <counter type="LINE" missed="0" covered="4"/>
            <counter type="COMPLEXITY" missed="0" covered="1"/>
            <counter type="METHOD" missed="0" covered="1"/>
         </method>
         <method name="update" desc="(Lnet/codejava/Sale;)V" line="59">
            <counter type="INSTRUCTION" missed="0" covered="19"/>
            <counter type="LINE" missed="0" covered="5"/>
            <counter type="COMPLEXITY" missed="0" covered="1"/>
            <counter type="METHOD" missed="0" covered="1"/>
         </method>
         <method name="delete" desc="(I)V" line="66">
            <counter type="INSTRUCTION" missed="0" covered="15"/>
            <counter type="LINE" missed="0" covered="3"/>
            <counter type="COMPLEXITY" missed="0" covered="1"/>
            <counter type="METHOD" missed="0" covered="1"/>
         </method>
         <counter type="INSTRUCTION" missed="138" covered="0"/>
         <counter type="LINE" missed="0" covered="30"/>
         <counter type="COMPLEXITY" missed="0" covered="7"/>
         <counter type="METHOD" missed="0" covered="7"/>
         <counter type="CLASS" missed="0" covered="1"/>
      </class>
      <class name="net/codejava/AppController">
         <method name="&lt;init&gt;" desc="()V" line="15">
            <counter type="INSTRUCTION" missed="0" covered="3"/>
            <counter type="LINE" missed="0" covered="1"/>
            <counter type="COMPLEXITY" missed="0" covered="1"/>
            <counter type="METHOD" missed="0" covered="1"/>
         </method>
         <method name="viewHomePage" desc="(Lorg/springframework/ui/Model;)Ljava/lang/String;" line="22">
            <counter type="INSTRUCTION" missed="0" covered="11"/>
            <counter type="LINE" missed="0" covered="3"/>
            <counter type="COMPLEXITY" missed="0" covered="1"/>
            <counter type="METHOD" missed="0" covered="1"/>
         </method>
         <method name="showSearch" desc="(Lorg/springframework/ui/Model;Lnet/codejava/Sale;)Ljava/lang/String;" line="28">
            <counter type="INSTRUCTION" missed="0" covered="17"/>
            <counter type="LINE" missed="0" covered="4"/>
            <counter type="COMPLEXITY" missed="0" covered="1"/>
            <counter type="METHOD" missed="0" covered="1"/>
         </method>
         <method name="showNewForm" desc="(Lorg/springframework/ui/Model;)Ljava/lang/String;" line="36">
            <counter type="INSTRUCTION" missed="0" covered="11"/>
            <counter type="LINE" missed="0" covered="3"/>
            <counter type="COMPLEXITY" missed="0" covered="1"/>
            <counter type="METHOD" missed="0" covered="1"/>
         </method>
         <method name="save" desc="(Lnet/codejava/Sale;)Ljava/lang/String;" line="44">
            <counter type="INSTRUCTION" missed="0" covered="6"/>
            <counter type="LINE" missed="0" covered="2"/>
            <counter type="COMPLEXITY" missed="0" covered="1"/>
            <counter type="METHOD" missed="0" covered="1"/>
         </method>
         <method name="showEditForm" desc="(I)Lorg/springframework/web/servlet/ModelAndView;" line="51">
            <counter type="INSTRUCTION" missed="0" covered="17"/>
            <counter type="LINE" missed="0" covered="4"/>
            <counter type="COMPLEXITY" missed="0" covered="1"/>
            <counter type="METHOD" missed="0" covered="1"/>
         </method>
         <method name="update" desc="(Lnet/codejava/Sale;)Ljava/lang/String;" line="60">
            <counter type="INSTRUCTION" missed="0" covered="6"/>
            <counter type="LINE" missed="0" covered="2"/>
            <counter type="COMPLEXITY" missed="0" covered="1"/>
            <counter type="METHOD" missed="0" covered="1"/>
         </method>
         <method name="delete" desc="(I)Ljava/lang/String;" line="67">
            <counter type="INSTRUCTION" missed="0" covered="6"/>
            <counter type="LINE" missed="0" covered="2"/>
            <counter type="COMPLEXITY" missed="0" covered="1"/>
            <counter type="METHOD" missed="0" covered="1"/>
         </method>
         <counter type="INSTRUCTION" missed="0" covered="77"/>
         <counter type="LINE" missed="0" covered="21"/>
         <counter type="COMPLEXITY" missed="0" covered="8"/>
         <counter type="METHOD" missed="0" covered="8"/>
         <counter type="CLASS" missed="0" covered="1"/>
      </class>
      <class name="net/codejava/Sale">
         <method name="&lt;init&gt;" desc="()V" line="9">
            <counter type="INSTRUCTION" missed="0" covered="3"/>
            <counter type="LINE" missed="0" covered="2"/>
            <counter type="COMPLEXITY" missed="0" covered="1"/>
            <counter type="METHOD" missed="0" covered="1"/>
         </method>
         <method name="&lt;init&gt;" desc="(Ljava/lang/String;IF)V" line="12">
            <counter type="INSTRUCTION" missed="0" covered="12"/>
            <counter type="LINE" missed="0" covered="5"/>
            <counter type="COMPLEXITY" missed="0" covered="1"/>
            <counter type="METHOD" missed="0" covered="1"/>
         </method>
         <method name="getId" desc="()I" line="19">
            <counter type="INSTRUCTION" missed="0" covered="3"/>
            <counter type="LINE" missed="0" covered="1"/>
            <counter type="COMPLEXITY" missed="0" covered="1"/>
            <counter type="METHOD" missed="0" covered="1"/>
         </method>
         <method name="setId" desc="(I)V" line="23">
            <counter type="INSTRUCTION" missed="0" covered="4"/>
            <counter type="LINE" missed="0" covered="2"/>
            <counter type="COMPLEXITY" missed="0" covered="1"/>
            <counter type="METHOD" missed="0" covered="1"/>
         </method>
         <method name="getItem" desc="()Ljava/lang/String;" line="27">
            <counter type="INSTRUCTION" missed="0" covered="3"/>
            <counter type="LINE" missed="0" covered="1"/>
            <counter type="COMPLEXITY" missed="0" covered="1"/>
            <counter type="METHOD" missed="0" covered="1"/>
         </method>
         <method name="setItem" desc="(Ljava/lang/String;)V" line="31">
            <counter type="INSTRUCTION" missed="0" covered="4"/>
            <counter type="LINE" missed="0" covered="2"/>
            <counter type="COMPLEXITY" missed="0" covered="1"/>
            <counter type="METHOD" missed="0" covered="1"/>
         </method>
         <method name="getQuantity" desc="()I" line="35">
            <counter type="INSTRUCTION" missed="0" covered="3"/>
            <counter type="LINE" missed="0" covered="1"/>
            <counter type="COMPLEXITY" missed="0" covered="1"/>
            <counter type="METHOD" missed="0" covered="1"/>
         </method>
         <method name="setQuantity" desc="(I)V" line="39">
            <counter type="INSTRUCTION" missed="0" covered="4"/>
            <counter type="LINE" missed="0" covered="2"/>
            <counter type="COMPLEXITY" missed="0" covered="1"/>
            <counter type="METHOD" missed="0" covered="1"/>
         </method>
         <method name="getAmount" desc="()F" line="43">
            <counter type="INSTRUCTION" missed="0" covered="3"/>
            <counter type="LINE" missed="0" covered="1"/>
            <counter type="COMPLEXITY" missed="0" covered="1"/>
            <counter type="METHOD" missed="0" covered="1"/>
         </method>
         <method name="setAmount" desc="(F)V" line="47">
            <counter type="INSTRUCTION" missed="0" covered="4"/>
            <counter type="LINE" missed="0" covered="2"/>
            <counter type="COMPLEXITY" missed="0" covered="1"/>
            <counter type="METHOD" missed="0" covered="1"/>
         </method>
         <method name="toString" desc="()Ljava/lang/String;" line="52">
            <counter type="INSTRUCTION" missed="0" covered="27"/>
            <counter type="LINE" missed="0" covered="1"/>
            <counter type="COMPLEXITY" missed="0" covered="1"/>
            <counter type="METHOD" missed="0" covered="1"/>
         </method>
         <counter type="INSTRUCTION" missed="0" covered="70"/>
         <counter type="LINE" missed="0" covered="20"/>
         <counter type="COMPLEXITY" missed="0" covered="11"/>
         <counter type="METHOD" missed="0" covered="11"/>
         <counter type="CLASS" missed="0" covered="1"/>
      </class>
      <sourcefile name="SalesManager.java">
         <line nr="15" mi="0" ci="3" mb="0" cb="0"/>
         <line nr="18" mi="0" ci="4" mb="0" cb="0"/>
         <line nr="19" mi="0" ci="1" mb="0" cb="0"/>
         <line nr="24" mi="0" ci="5" mb="0" cb="0"/>
         <line nr="25" mi="0" ci="2" mb="0" cb="0"/>
         <line nr="26" mi="0" ci="3" mb="0" cb="0"/>
         <line nr="27" mi="0" ci="2" mb="0" cb="0"/>
         <line nr="28" mi="0" ci="1" mb="0" cb="0"/>
         <counter type="INSTRUCTION" missed="0" covered="21"/>
         <counter type="LINE" missed="0" covered="8"/>
         <counter type="COMPLEXITY" missed="0" covered="3"/>
         <counter type="METHOD" missed="0" covered="3"/>
         <counter type="CLASS" missed="0" covered="1"/>
      </sourcefile>
      <sourcefile name="Sale.java">
         <line nr="9" mi="0" ci="2" mb="0" cb="0"/>
         <line nr="10" mi="0" ci="1" mb="0" cb="0"/>
         <line nr="12" mi="0" ci="2" mb="0" cb="0"/>
         <line nr="13" mi="0" ci="3" mb="0" cb="0"/>
         <line nr="14" mi="0" ci="3" mb="0" cb="0"/>
         <line nr="15" mi="0" ci="3" mb="0" cb="0"/>
         <line nr="16" mi="0" ci="1" mb="0" cb="0"/>
         <line nr="19" mi="0" ci="3" mb="0" cb="0"/>
         <line nr="23" mi="0" ci="3" mb="0" cb="0"/>
         <line nr="24" mi="0" ci="1" mb="0" cb="0"/>
         <line nr="27" mi="0" ci="3" mb="0" cb="0"/>
         <line nr="31" mi="0" ci="3" mb="0" cb="0"/>
         <line nr="32" mi="0" ci="1" mb="0" cb="0"/>
         <line nr="35" mi="0" ci="3" mb="0" cb="0"/>
         <line nr="39" mi="0" ci="3" mb="0" cb="0"/>
         <line nr="40" mi="0" ci="1" mb="0" cb="0"/>
         <line nr="43" mi="0" ci="3" mb="0" cb="0"/>
         <line nr="47" mi="0" ci="3" mb="0" cb="0"/>
         <line nr="48" mi="0" ci="1" mb="0" cb="0"/>
         <line nr="52" mi="0" ci="27" mb="0" cb="0"/>
         <counter type="INSTRUCTION" missed="0" covered="70"/>
         <counter type="LINE" missed="0" covered="20"/>
         <counter type="COMPLEXITY" missed="0" covered="11"/>
         <counter type="METHOD" missed="0" covered="11"/>
         <counter type="CLASS" missed="0" covered="1"/>
      </sourcefile>
      <sourcefile name="SalesDAO.java">
         <line nr="20" mi="0" ci="2" mb="0" cb="0"/>
         <line nr="21" mi="0" ci="3" mb="0" cb="0"/>
         <line nr="23" mi="0" ci="1" mb="0" cb="0"/>
         <line nr="26" mi="0" ci="2" mb="0" cb="0"/>
         <line nr="28" mi="0" ci="6" mb="0" cb="0"/>
         <line nr="29" mi="0" ci="1" mb="0" cb="0"/>
         <line nr="31" mi="0" ci="2" mb="0" cb="0"/>
         <line nr="35" mi="0" ci="2" mb="0" cb="0"/>
         <line nr="36" mi="0" ci="11" mb="0" cb="0"/>
         <line nr="37" mi="0" ci="3" mb="0" cb="0"/>
         <line nr="38" mi="0" ci="6" mb="0" cb="0"/>
         <line nr="39" mi="0" ci="1" mb="0" cb="0"/>
         <line nr="40" mi="0" ci="2" mb="0" cb="0"/>
         <line nr="44" mi="0" ci="6" mb="0" cb="0"/>
         <line nr="45" mi="0" ci="19" mb="0" cb="0"/>
         <line nr="46" mi="0" ci="5" mb="0" cb="0"/>
         <line nr="48" mi="0" ci="4" mb="0" cb="0"/>
         <line nr="49" mi="0" ci="1" mb="0" cb="0"/>
         <line nr="52" mi="0" ci="9" mb="0" cb="0"/>
         <line nr="53" mi="0" ci="8" mb="0" cb="0"/>
         <line nr="54" mi="0" ci="8" mb="0" cb="0"/>
         <line nr="55" mi="0" ci="2" mb="0" cb="0"/>
         <line nr="59" mi="0" ci="2" mb="0" cb="0"/>
         <line nr="60" mi="0" ci="5" mb="0" cb="0"/>
         <line nr="61" mi="0" ci="6" mb="0" cb="0"/>
         <line nr="62" mi="0" ci="5" mb="0" cb="0"/>
         <line nr="63" mi="0" ci="1" mb="0" cb="0"/>
         <line nr="66" mi="0" ci="9" mb="0" cb="0"/>
         <line nr="67" mi="0" ci="5" mb="0" cb="0"/>
         <line nr="68" mi="0" ci="1" mb="0" cb="0"/>
         <counter type="INSTRUCTION" missed="0" covered="138"/>
         <counter type="LINE" missed="0" covered="30"/>
         <counter type="COMPLEXITY" missed="0" covered="7"/>
         <counter type="METHOD" missed="0" covered="7"/>
         <counter type="CLASS" missed="0" covered="1"/>
      </sourcefile>
      <sourcefile name="AppController.java">
         <line nr="15" mi="0" ci="3" mb="0" cb="0"/>
         <line nr="22" mi="0" ci="4" mb="0" cb="0"/>
         <line nr="23" mi="0" ci="5" mb="0" cb="0"/>
         <line nr="24" mi="0" ci="2" mb="0" cb="0"/>
         <line nr="28" mi="0" ci="4" mb="0" cb="0"/>
         <line nr="29" mi="0" ci="6" mb="0" cb="0"/>
         <line nr="30" mi="0" ci="5" mb="0" cb="0"/>
         <line nr="31" mi="0" ci="2" mb="0" cb="0"/>
         <line nr="36" mi="0" ci="4" mb="0" cb="0"/>
         <line nr="37" mi="0" ci="5" mb="0" cb="0"/>
         <line nr="39" mi="0" ci="2" mb="0" cb="0"/>
         <line nr="44" mi="0" ci="4" mb="0" cb="0"/>
         <line nr="46" mi="0" ci="2" mb="0" cb="0"/>
         <line nr="51" mi="0" ci="5" mb="0" cb="0"/>
         <line nr="52" mi="0" ci="5" mb="0" cb="0"/>
         <line nr="53" mi="0" ci="5" mb="0" cb="0"/>
         <line nr="55" mi="0" ci="2" mb="0" cb="0"/>
         <line nr="60" mi="0" ci="4" mb="0" cb="0"/>
         <line nr="62" mi="0" ci="2" mb="0" cb="0"/>
         <line nr="67" mi="0" ci="4" mb="0" cb="0"/>
         <line nr="68" mi="0" ci="2" mb="0" cb="0"/>
         <counter type="INSTRUCTION" missed="0" covered="77"/>
         <counter type="LINE" missed="0" covered="21"/>
         <counter type="COMPLEXITY" missed="0" covered="8"/>
         <counter type="METHOD" missed="0" covered="8"/>
         <counter type="CLASS" missed="0" covered="1"/>
      </sourcefile>
      <counter type="INSTRUCTION" missed="0" covered="306"/>
      <counter type="LINE" missed="0" covered="79"/>
      <counter type="COMPLEXITY" missed="0" covered="29"/>
      <counter type="METHOD" missed="0" covered="29"/>
      <counter type="CLASS" missed="0" covered="4"/>
   </package>
   <counter type="INSTRUCTION" missed="0" covered="306"/>
   <counter type="LINE" missed="0" covered="79"/>
   <counter type="COMPLEXITY" missed="0" covered="29"/>
   <counter type="METHOD" missed="0" covered="29"/>
   <counter type="CLASS" missed="0" covered="4"/>
</report>
